<?xml version="1.0" encoding="UTF-8"?>
<testng-results ignored="0" total="1" passed="1" failed="0" skipped="0">
  <reporter-output>
  </reporter-output>
  <suite started-at="2021-03-28T15:43:15 IST" name="Default suite" finished-at="2021-03-28T15:44:05 IST" duration-ms="49418">
    <groups>
    </groups>
    <test started-at="2021-03-28T15:43:15 IST" name="Default test" finished-at="2021-03-28T15:44:05 IST" duration-ms="49418">
      <class name="TestPackage.LoginTest">
        <test-method is-config="true" signature="beforeTest()[pri:0, instance:TestPackage.LoginTest@51e5fc98]" started-at="2021-03-28T15:43:15 IST" name="beforeTest" finished-at="2021-03-28T15:43:17 IST" duration-ms="1792" status="PASS">
          <reporter-output>
          </reporter-output>
        </test-method> <!-- beforeTest -->
        <test-method is-config="true" signature="LaunchURL()[pri:0, instance:TestPackage.LoginTest@51e5fc98]" started-at="2021-03-28T15:43:17 IST" name="LaunchURL" finished-at="2021-03-28T15:43:24 IST" duration-ms="6779" status="PASS">
          <reporter-output>
          </reporter-output>
        </test-method> <!-- LaunchURL -->
        <test-method signature="Tests()[pri:0, instance:TestPackage.LoginTest@51e5fc98]" started-at="2021-03-28T15:43:24 IST" name="Tests" finished-at="2021-03-28T15:44:05 IST" duration-ms="40819" status="PASS">
          <reporter-output>
          </reporter-output>
        </test-method> <!-- Tests -->
      </class> <!-- TestPackage.LoginTest -->
    </test> <!-- Default test -->
  </suite> <!-- Default suite -->
</testng-results>
